<?xml version="1.0" encoding="UTF-8"?>
<!-- Generated by org.testng.reporters.JUnitReportReporter -->
<testsuite hostname="christian-System" failures="0" tests="1" name="cslab.BlockudokuTest" time="0.016" errors="0" timestamp="2020-12-23T11:42:48 PET" skipped="0">
  <testcase classname="cslab.BlockudokuTest" name="testCase0" time="0.016"/>
</testsuite> <!-- cslab.BlockudokuTest -->
